{"created": 1758647874.0996437, "duration": 0.12729406356811523, "exitcode": 1, "root": "/home/runner/work/nethical/nethical", "environment": {}, "summary": {"failed": 1, "passed": 1, "total": 2, "collected": 2}, "collectors": [{"nodeid": "", "outcome": "passed", "result": [{"nodeid": "tests/advancedtests.py::TestSystemIntegration", "type": "Class"}]}, {"nodeid": "tests/advancedtests.py::TestSystemIntegration", "outcome": "passed", "result": [{"nodeid": "tests/advancedtests.py::TestSystemIntegration::test_end_to_end_complex_scenario", "type": "Coroutine", "lineno": 574}, {"nodeid": "tests/advancedtests.py::TestSystemIntegration::test_configuration_robustness", "type": "Coroutine", "lineno": 621}]}], "tests": [{"nodeid": "tests/advancedtests.py::TestSystemIntegration::test_end_to_end_complex_scenario", "lineno": 574, "outcome": "failed", "keywords": ["test_end_to_end_complex_scenario", "TestSystemIntegration", "asyncio", "advancedtests.py", "tests", "nethical", ""], "setup": {"duration": 0.0009126549999791678, "outcome": "passed"}, "call": {"duration": 0.001978524999913134, "outcome": "failed", "crash": {"path": "/home/runner/work/nethical/nethical/tests/advancedtests.py", "lineno": 620, "message": "AssertionError: Failed to detect multi-step manipulation adequately. Only 0/4 steps flagged.\nassert 0 >= 3"}, "traceback": [{"path": "tests/advancedtests.py", "lineno": 620, "message": "in test_end_to_end_complex_scenario"}], "longrepr": "tests/advancedtests.py:620: in test_end_to_end_complex_scenario\n    assert violation_count >= 3, f\"Failed to detect multi-step manipulation adequately. Only {violation_count}/4 steps flagged.\"\nE   AssertionError: Failed to detect multi-step manipulation adequately. Only 0/4 steps flagged.\nE   assert 0 >= 3"}, "teardown": {"duration": 0.0005427139999483188, "outcome": "passed"}}, {"nodeid": "tests/advancedtests.py::TestSystemIntegration::test_configuration_robustness", "lineno": 621, "outcome": "passed", "keywords": ["test_configuration_robustness", "TestSystemIntegration", "asyncio", "advancedtests.py", "tests", "nethical", ""], "setup": {"duration": 0.00037910800006102363, "outcome": "passed"}, "call": {"duration": 0.0013315160000502146, "outcome": "passed"}, "teardown": {"duration": 0.00030898800002887583, "outcome": "passed"}}]}