{
  "class_name": "TestAdversarialAttacks",
  "total_tests": 3,
  "passed": 1,
  "failed": 2,
  "skipped": 0,
  "errors": 0,
  "duration": 0.3991820812225342,
  "tests": [
    {
      "test_name": "test_encoding_evasions",
      "test_class": "TestAdversarialAttacks",
      "status": "FAILED",
      "duration": 0.0,
      "error_message": "tests/advancedtests.py:370: in test_encoding_evasions\n    scenarios = AdversarialTestFramework.generate_encoding_evasions()\n                ^^^^^^^^^^^^^^^^^^^^^^^^^^^^^^^^^^^^^^^^^^^^^^^^^^^^^\ntests/advancedtests.py:140: in generate_encoding_evasions\n    \"actual_action\": harmful_content.encode('rot13'),\n                     ^^^^^^^^^^^^^^^^^^^^^^^^^^^^^^^\nE   LookupError: 'rot13' is not a text encoding; use codecs.encode() to handle arbitrary codecs",
      "error_traceback": [
        {
          "path": "tests/advancedtests.py",
          "lineno": 370,
          "message": "in test_encoding_evasions"
        },
        {
          "path": "tests/advancedtests.py",
          "lineno": 140,
          "message": "in generate_encoding_evasions"
        }
      ]
    },
    {
      "test_name": "test_context_confusion_attacks",
      "test_class": "TestAdversarialAttacks",
      "status": "FAILED",
      "duration": 0.0,
      "error_message": "tests/advancedtests.py:402: in test_context_confusion_attacks\n    assert judgment.decision in [\"BLOCK\", \"TERMINATE\"], f\"Failed to detect context attack: {scenario['expected_violation']}\"\nE   AssertionError: Failed to detect context attack: context_injection\nE   assert <Decision.ALLOW: 'allow'> in ['BLOCK', 'TERMINATE']\nE    +  where <Decision.ALLOW: 'allow'> = JudgmentResult(judgment_id='cff2261ba209', action_id='context_test_7520', decision=<Decision.ALLOW: 'allow'>, confidence=1.0, reasoning='",
      "error_traceback": [
        {
          "path": "tests/advancedtests.py",
          "lineno": 402,
          "message": "in test_context_confusion_attacks"
        }
      ]
    },
    {
      "test_name": "test_temporal_attacks",
      "test_class": "TestAdversarialAttacks",
      "status": "PASSED",
      "duration": 0.0,
      "error_message": null,
      "error_traceback": null
    }
  ]
}